
[ â€‰â€‰â€…â€…UTCâ€…â€…â€‰â€‰ ] Logs for f9zhjphdrhegxlbs3hi7zz.streamlit.app/
â”€â”€â”€â”€â”€â”€â”€â”€â”€â”€â”€â”€â”€â”€â”€â”€â”€â”€â”€â”€â”€â”€â”€â”€â”€â”€â”€â”€â”€â”€â”€â”€â”€â”€â”€â”€â”€â”€â”€â”€â”€â”€â”€â”€â”€â”€â”€â”€â”€â”€â”€â”€â”€â”€â”€â”€â”€â”€â”€â”€â”€â”€â”€â”€â”€â”€â”€â”€â”€â”€â”€â”€â”€â”€â”€â”€â”€â”€â”€â”€â”€â”€â”€â”€â”€â”€â”€â”€
[17:50:20] ğŸ–¥ Provisioning machine...
[17:50:20] ğŸ› Preparing system...
[17:50:20] â›“ Spinning up manager process...
[17:50:21] ğŸš€ Starting up repository: 'sdp2', branch: 'main', main module: 'YOLO_NAS_Course_streamlit/streamlit_application.py'
[17:50:21] ğŸ™ Cloning repository...
[17:50:30] ğŸ™ Cloning into '/mount/src/sdp2'...
Filtering content: 100% (2/2), 292.62 MiB | 40.23 MiB/sFiltering content: 100% (2/2), 292.62 MiB | 37.05 MiB/s, done.

[17:50:30] ğŸ™ Cloned repository!
[17:50:30] ğŸ™ Pulling code changes from Github...
[17:50:31] ğŸ“¦ Processing dependencies...

â”€â”€â”€â”€â”€â”€â”€â”€â”€â”€â”€â”€â”€â”€â”€â”€â”€â”€â”€â”€â”€â”€â”€â”€â”€â”€â”€â”€â”€â”€â”€â”€â”€â”€â”€â”€â”€â”€â”€â”€ uv â”€â”€â”€â”€â”€â”€â”€â”€â”€â”€â”€â”€â”€â”€â”€â”€â”€â”€â”€â”€â”€â”€â”€â”€â”€â”€â”€â”€â”€â”€â”€â”€â”€â”€â”€â”€â”€â”€â”€â”€â”€â”€â”€

Using uv pip install.
Resolved 128 packages in 4.25s
error: Failed to download distributions
  Caused by: Failed to fetch wheel: pycocotools==2.0.4
  Caused by: Failed to build: `pycocotools==2.0.4`
  Caused by: Build backend failed to build wheel through `build_wheel()` with exit status: 1
--- stdout:
running bdist_wheel
running build
running build_py
creating build
creating build/lib.linux-x86_64-cpython-311
creating build/lib.linux-x86_64-cpython-311/pycocotools
copying pycocotools/cocoeval.py -> build/lib.linux-x86_64-cpython-311/pycocotools
copying pycocotools/__init__.py -> build/lib.linux-x86_64-cpython-311/pycocotools
copying pycocotools/mask.py -> build/lib.linux-x86_64-cpython-311/pycocotools
copying pycocotools/coco.py -> build/lib.linux-x86_64-cpython-311/pycocotools
running build_ext
Compiling pycocotools/_mask.pyx because it changed.
[1/1] Cythonizing pycocotools/_mask.pyx
building 'pycocotools._mask' extension
creating build/common
creating build/temp.linux-x86_64-cpython-311
creating build/temp.linux-x86_64-cpython-311/common
creating build/temp.linux-x86_64-cpython-311/pycocotools
gcc -pthread -Wsign-compare -DNDEBUG -g -fwrapv -O3 -Wall -fPIC -I/home/adminuser/.cache/uv/.tmpjwKN2M/.venv/lib/python3.11/site-packages/numpy/core/include -I./common -I/home/adminuser/.cache/uv/.tmpjwKN2M/.venv/include -I/usr/local/include/python3.11 -c ../common/maskApi.c -o build/temp.linux-x86_64-cpython-311/../common/maskApi.o -Wno-cpp -Wno-unused-function -std=c99
--- stderr:
/home/adminuser/.cache/uv/.tmpjwKN2M/.venv/lib/python3.11/site-packages/Cython/Compiler/Main.py:381: FutureWarning: Cython directive 'language_level' not set, using '3str' for now (Py3). This has changed from earlier releases! File: /home/adminuser/.cache/uv/built-wheels-v3/pypi/pycocotools/2.0.4/2jPZtkUQAh75s54L2ABYA/pycocotools-2.0.4.tar.gz/pycocotools/_mask.pyx
  tree = Parsing.p_module(s, pxd, full_module_name)
gcc: error: ../common/maskApi.c: No such file or directory
gcc: fatal error: no input files
compilation terminated.
error: command '/usr/bin/gcc' failed with exit code 1
---
Checking if Streamlit is installed

â”€â”€â”€â”€â”€â”€â”€â”€â”€â”€â”€â”€â”€â”€â”€â”€â”€â”€â”€â”€â”€â”€â”€â”€â”€â”€â”€â”€â”€â”€â”€â”€â”€â”€â”€â”€â”€â”€â”€â”€â”€â”€â”€â”€â”€â”€â”€â”€â”€â”€â”€â”€â”€â”€â”€â”€â”€â”€â”€â”€â”€â”€â”€â”€â”€â”€â”€â”€â”€â”€â”€â”€â”€â”€â”€â”€â”€â”€â”€â”€â”€â”€â”€â”€â”€â”€â”€â”€


â”€â”€â”€â”€â”€â”€â”€â”€â”€â”€â”€â”€â”€â”€â”€â”€â”€â”€â”€â”€â”€â”€â”€â”€â”€â”€â”€â”€â”€â”€â”€â”€â”€â”€â”€â”€â”€â”€â”€â”€ pip â”€â”€â”€â”€â”€â”€â”€â”€â”€â”€â”€â”€â”€â”€â”€â”€â”€â”€â”€â”€â”€â”€â”€â”€â”€â”€â”€â”€â”€â”€â”€â”€â”€â”€â”€â”€â”€â”€â”€â”€â”€â”€â”€

Using standard pip install.
Collecting opencv-python (from -r /mount/src/sdp2/YOLO_NAS_Course_streamlit/requirements.txt (line 1))
  Downloading opencv_python-4.9.0.80-cp37-abi3-manylinux_2_17_x86_64.manylinux2014_x86_64.whl.metadata (20 kB)
Collecting super-gradients (from -r /mount/src/sdp2/YOLO_NAS_Course_streamlit/requirements.txt (line 2))
  Downloading super_gradients-3.7.1-py3-none-any.whl.metadata (41 kB)
     â”â”â”â”â”â”â”â”â”â”â”â”â”â”â”â”â”â”â”â”â”â”â”â”â”â”â”â”â”â”â”â”â”â”â”â”â”â”â”â” 41.7/41.7 kB 9.6 MB/s eta 0:00:00[2024-05-30 17:50:49.656308] 
Collecting streamlit (from -r /mount/src/sdp2/YOLO_NAS_Course_streamlit/requirements.txt (line 3))
  Downloading streamlit-1.35.0-py2.py3-none-any.whl.metadata (8.5 kB)
Collecting cmake (from -r /mount/src/sdp2/YOLO_NAS_Course_streamlit/requirements.txt (line 4))
  Downloading cmake-3.29.3-py3-none-manylinux_2_17_x86_64.manylinux2014_x86_64.whl.metadata (6.1 kB)
Collecting numpy>=1.21.2 (from opencv-python->-r /mount/src/sdp2/YOLO_NAS_Course_streamlit/requirements.txt (line 1))
  Downloading numpy-1.26.4-cp311-cp311-manylinux_2_17_x86_64.manylinux2014_x86_64.whl.metadata (61 kB)
     â”â”â”â”â”â”â”â”â”â”â”â”â”â”â”â”â”â”â”â”â”â”â”â”â”â”â”â”â”â”â”â”â”â”â”â”â”â”â” 61.0/61.0 kB 147.0 MB/s eta 0:00:00[2024-05-30 17:50:50.256955] 
Collecting torch>=1.9.0 (from super-gradients->-r /mount/src/sdp2/YOLO_NAS_Course_streamlit/requirements.txt (line 2))
  Downloading torch-2.3.0-cp311-cp311-manylinux1_x86_64.whl.metadata (26 kB)
Collecting tqdm>=4.57.0 (from super-gradients->-r /mount/src/sdp2/YOLO_NAS_Course_streamlit/requirements.txt (line 2))
  Downloading tqdm-4.66.4-py3-none-any.whl.metadata (57 kB)
     â”â”â”â”â”â”â”â”â”â”â”â”â”â”â”â”â”â”â”â”â”â”â”â”â”â”â”â”â”â”â”â”â”â”â”â”â”â”â” 57.6/57.6 kB 140.1 MB/s eta 0:00:00[2024-05-30 17:50:50.519827] 
Collecting boto3>=1.17.15 (from super-gradients->-r /mount/src/sdp2/YOLO_NAS_Course_streamlit/requirements.txt (line 2))
  Downloading boto3-1.34.115-py3-none-any.whl.metadata (6.6 kB)
Collecting jsonschema>=3.2.0 (from super-gradients->-r /mount/src/sdp2/YOLO_NAS_Course_streamlit/requirements.txt (line 2))
  Downloading jsonschema-4.22.0-py3-none-any.whl.metadata (8.2 kB)
Collecting Deprecated>=1.2.11 (from super-gradients->-r /mount/src/sdp2/YOLO_NAS_Course_streamlit/requirements.txt (line 2))
  Downloading Deprecated-1.2.14-py2.py3-none-any.whl.metadata (5.4 kB)
Collecting scipy>=1.6.1 (from super-gradients->-r /mount/src/sdp2/YOLO_NAS_Course_streamlit/requirements.txt (line 2))
  Downloading scipy-1.13.1-cp311-cp311-manylinux_2_17_x86_64.manylinux2014_x86_64.whl.metadata (60 kB)
     â”â”â”â”â”â”â”â”â”â”â”â”â”â”â”â”â”â”â”â”â”â”â”â”â”â”â”â”â”â”â”â”â”â”â”â”â”â”â” 60.6/60.6 kB 196.9 MB/s eta 0:00:00[2024-05-30 17:50:51.171298] 
Collecting matplotlib>=3.3.4 (from super-gradients->-r /mount/src/sdp2/YOLO_NAS_Course_streamlit/requirements.txt (line 2))
  Downloading matplotlib-3.9.0-cp311-cp311-manylinux_2_17_x86_64.manylinux2014_x86_64.whl.metadata (11 kB)
Collecting psutil>=5.8.0 (from super-gradients->-r /mount/src/sdp2/YOLO_NAS_Course_streamlit/requirements.txt (line 2))
  Downloading psutil-5.9.8-cp36-abi3-manylinux_2_12_x86_64.manylinux2010_x86_64.manylinux_2_17_x86_64.manylinux2014_x86_64.whl.metadata (21 kB)
Collecting tensorboard>=2.4.1 (from super-gradients->-r /mount/src/sdp2/YOLO_NAS_Course_streamlit/requirements.txt (line 2))
  Downloading tensorboard-2.16.2-py3-none-any.whl.metadata (1.6 kB)
Collecting setuptools>=65.5.1 (from super-gradients->-r /mount/src/sdp2/YOLO_NAS_Course_streamlit/requirements.txt (line 2))
  Downloading setuptools-70.0.0-py3-none-any.whl.metadata (5.9 kB)
Collecting coverage~=5.3.1 (from super-gradients->-r /mount/src/sdp2/YOLO_NAS_Course_streamlit/requirements.txt (line 2))
  Downloading coverage-5.3.1.tar.gz (684 kB)
     â”â”â”â”â”â”â”â”â”â”â”â”â”â”â”â”â”â”â”â”â”â”â”â”â”â”â”â”â”â”â”â”â”â”â”â”â”â” 684.5/684.5 kB 49.2 MB/s eta 0:00:00[2024-05-30 17:50:52.391352] 
  Preparing metadata (setup.py): started
  Preparing metadata (setup.py): finished with status 'done'
Collecting torchvision>=0.10.0 (from super-gradients->-r /mount/src/sdp2/YOLO_NAS_Course_streamlit/requirements.txt (line 2))
  Downloading torchvision-0.18.0-cp311-cp311-manylinux1_x86_64.whl.metadata (6.6 kB)
Collecting sphinx~=4.0.2 (from super-gradients->-r /mount/src/sdp2/YOLO_NAS_Course_streamlit/requirements.txt (line 2))
  Downloading Sphinx-4.0.3-py3-none-any.whl.metadata (8.0 kB)
Collecting sphinx-rtd-theme (from super-gradients->-r /mount/src/sdp2/YOLO_NAS_Course_streamlit/requirements.txt (line 2))
  Downloading sphinx_rtd_theme-2.0.0-py2.py3-none-any.whl.metadata (4.4 kB)
Collecting torchmetrics==0.8 (from super-gradients->-r /mount/src/sdp2/YOLO_NAS_Course_streamlit/requirements.txt (line 2))
  Downloading torchmetrics-0.8.0-py3-none-any.whl.metadata (20 kB)
Collecting hydra-core>=1.2.0 (from super-gradients->-r /mount/src/sdp2/YOLO_NAS_Course_streamlit/requirements.txt (line 2))
  Downloading hydra_core-1.3.2-py3-none-any.whl.metadata (5.5 kB)
Collecting omegaconf (from super-gradients->-r /mount/src/sdp2/YOLO_NAS_Course_streamlit/requirements.txt (line 2))
  Downloading omegaconf-2.3.0-py3-none-any.whl.metadata (3.9 kB)
Collecting onnxruntime==1.15.0 (from super-gradients->-r /mount/src/sdp2/YOLO_NAS_Course_streamlit/requirements.txt (line 2))
  Downloading onnxruntime-1.15.0-cp311-cp311-manylinux_2_17_x86_64.manylinux2014_x86_64.whl.metadata (3.9 kB)
Collecting onnx==1.15.0 (from super-gradients->-r /mount/src/sdp2/YOLO_NAS_Course_streamlit/requirements.txt (line 2))
  Downloading onnx-1.15.0-cp311-cp311-manylinux_2_17_x86_64.manylinux2014_x86_64.whl.metadata (15 kB)
Collecting pillow>=10.2.0 (from super-gradients->-r /mount/src/sdp2/YOLO_NAS_Course_streamlit/requirements.txt (line 2))
  Downloading pillow-10.3.0-cp311-cp311-manylinux_2_28_x86_64.whl.metadata (9.2 kB)
Collecting pip-tools>=6.12.1 (from super-gradients->-r /mount/src/sdp2/YOLO_NAS_Course_streamlit/requirements.txt (line 2))
  Downloading pip_tools-7.4.1-py3-none-any.whl.metadata (26 kB)
Collecting einops==0.3.2 (from super-gradients->-r /mount/src/sdp2/YOLO_NAS_Course_streamlit/requirements.txt (line 2))
  Downloading einops-0.3.2-py3-none-any.whl.metadata (10 kB)
Collecting protobuf==3.20.3 (from super-gradients->-r /mount/src/sdp2/YOLO_NAS_Course_streamlit/requirements.txt (line 2))
  Downloading protobuf-3.20.3-py2.py3-none-any.whl.metadata (720 bytes)
Collecting treelib==1.6.1 (from super-gradients->-r /mount/src/sdp2/YOLO_NAS_Course_streamlit/requirements.txt (line 2))
  Downloading treelib-1.6.1.tar.gz (24 kB)
  Preparing metadata (setup.py): started
  Preparing metadata (setup.py): finished with status 'done'
Collecting termcolor==1.1.0 (from super-gradients->-r /mount/src/sdp2/YOLO_NAS_Course_streamlit/requirements.txt (line 2))
  Downloading termcolor-1.1.0.tar.gz (3.9 kB)
  Preparing metadata (setup.py): started
  Preparing metadata (setup.py): finished with status 'done'
Collecting packaging>=20.4 (from super-gradients->-r /mount/src/sdp2/YOLO_NAS_Course_streamlit/requirements.txt (line 2))
  Downloading packaging-24.0-py3-none-any.whl.metadata (3.2 kB)
Collecting wheel>=0.38.0 (from super-gradients->-r /mount/src/sdp2/YOLO_NAS_Course_streamlit/requirements.txt (line 2))
  Downloading wheel-0.43.0-py3-none-any.whl.metadata (2.2 kB)
Collecting pygments>=2.7.4 (from super-gradients->-r /mount/src/sdp2/YOLO_NAS_Course_streamlit/requirements.txt (line 2))
  Downloading pygments-2.18.0-py3-none-any.whl.metadata (2.5 kB)
Collecting stringcase>=1.2.0 (from super-gradients->-r /mount/src/sdp2/YOLO_NAS_Course_streamlit/requirements.txt (line 2))
  Downloading stringcase-1.2.0.tar.gz (3.0 kB)
  Preparing metadata (setup.py): started
  Preparing metadata (setup.py): finished with status 'done'
INFO: pip is looking at multiple versions of super-gradients to determine which version is compatible with other requirements. This could take a while.
Collecting super-gradients (from -r /mount/src/sdp2/YOLO_NAS_Course_streamlit/requirements.txt (line 2))
  Downloading super_gradients-3.7.0-py3-none-any.whl.metadata (41 kB)
     â”â”â”â”â”â”â”â”â”â”â”â”â”â”â”â”â”â”â”â”â”â”â”â”â”â”â”â”â”â”â”â”â”â”â”â”â”â”â” 41.7/41.7 kB 153.8 MB/s eta 0:00:00[2024-05-30 17:50:55.285530] 
  Downloading super_gradients-3.6.1-py3-none-any.whl.metadata (41 kB)
     â”â”â”â”â”â”â”â”â”â”â”â”â”â”â”â”â”â”â”â”â”â”â”â”â”â”â”â”â”â”â”â”â”â”â”â”â”â”â” 41.4/41.4 kB 150.9 MB/s eta 0:00:00[2024-05-30 17:50:55.330256] 
Collecting pyparsing==2.4.5 (from super-gradients->-r /mount/src/sdp2/YOLO_NAS_Course_streamlit/requirements.txt (line 2))
  Downloading pyparsing-2.4.5-py2.py3-none-any.whl.metadata (3.6 kB)
Collecting super-gradients (from -r /mount/src/sdp2/YOLO_NAS_Course_streamlit/requirements.txt (line 2))
  Downloading super_gradients-3.6.0-py3-none-any.whl.metadata (40 kB)
     â”â”â”â”â”â”â”â”â”â”â”â”â”â”â”â”â”â”â”â”â”â”â”â”â”â”â”â”â”â”â”â”â”â”â”â”â”â”â” 40.1/40.1 kB 158.3 MB/s eta 0:00:00[2024-05-30 17:50:55.448483] 
  Downloading super_gradients-3.5.0-py3-none-any.whl.metadata (39 kB)
  Downloading super_gradients-3.4.1-py3-none-any.whl.metadata (37 kB)
  Downloading super_gradients-3.4.0-py3-none-any.whl.metadata (37 kB)
  Downloading super_gradients-3.3.1-py3-none-any.whl.metadata (37 kB)
INFO: pip is still looking at multiple versions of super-gradients to determine which version is compatible with other requirements. This could take a while.
  Downloading super_gradients-3.3.0-py3-none-any.whl.metadata (37 kB)
  Downloading super_gradients-3.2.1-py3-none-any.whl.metadata (35 kB)
  Downloading super_gradients-3.2.0-py3-none-any.whl.metadata (35 kB)
  Downloading super_gradients-3.1.3-py3-none-any.whl.metadata (35 kB)
  Downloading super_gradients-3.1.2-py3-none-any.whl.metadata (35 kB)
INFO: This is taking longer than usual. You might need to provide the dependency resolver with stricter constraints to reduce runtime. See https://pip.pypa.io/warnings/backtracking for guidance. If you want to abort this run, press Ctrl + C.
  Downloading super_gradients-3.1.1-py3-none-any.whl.metadata (36 kB)
Collecting torch<1.14,>=1.9.0 (from super-gradients->-r /mount/src/sdp2/YOLO_NAS_Course_streamlit/requirements.txt (line 2))
  Downloading torch-1.13.1-cp311-cp311-manylinux1_x86_64.whl.metadata (24 kB)
Collecting super-gradients (from -r /mount/src/sdp2/YOLO_NAS_Course_streamlit/requirements.txt (line 2))
  Downloading super_gradients-3.1.0-py3-none-any.whl.metadata (36 kB)
  Downloading super_gradients-3.0.9-py3-none-any.whl.metadata (34 kB)
  Downloading super_gradients-3.0.8-py3-none-any.whl.metadata (32 kB)
  Downloading super_gradients-3.0.7-py3-none-any.whl.metadata (32 kB)
Collecting onnxruntime (from super-gradients->-r /mount/src/sdp2/YOLO_NAS_Course_streamlit/requirements.txt (line 2))
  Downloading onnxruntime-1.18.0-cp311-cp311-manylinux_2_27_x86_64.manylinux_2_28_x86_64.whl.metadata (4.3 kB)
Collecting onnx>=1.10.1 (from super-gradients->-r /mount/src/sdp2/YOLO_NAS_Course_streamlit/requirements.txt (line 2))
  Downloading onnx-1.16.1-cp311-cp311-manylinux_2_17_x86_64.manylinux2014_x86_64.whl.metadata (16 kB)
Collecting pycocotools==2.0.4 (from super-gradients->-r /mount/src/sdp2/YOLO_NAS_Course_streamlit/requirements.txt (line 2))
  Downloading pycocotools-2.0.4.tar.gz (106 kB)
     â”â”â”â”â”â”â”â”â”â”â”â”â”â”â”â”â”â”â”â”â”â”â”â”â”â”â”â”â”â”â”â”â”â”â”â”â” 106.6/106.6 kB 221.2 MB/s eta 0:00:00[2024-05-30 17:50:56.063914] 
  Installing build dependencies: started
  Installing build dependencies: finished with status 'done'
  Getting requirements to build wheel: started
  Getting requirements to build wheel: finished with status 'done'
  Preparing metadata (pyproject.toml): started
  Preparing metadata (pyproject.toml): finished with status 'done'
Collecting protobuf~=3.19.0 (from super-gradients->-r /mount/src/sdp2/YOLO_NAS_Course_streamlit/requirements.txt (line 2))
  Downloading protobuf-3.19.6-py2.py3-none-any.whl.metadata (828 bytes)
Collecting super-gradients (from -r /mount/src/sdp2/YOLO_NAS_Course_streamlit/requirements.txt (line 2))
  Downloading super_gradients-3.0.6-py3-none-any.whl.metadata (30 kB)
  Downloading super_gradients-3.0.5-py3-none-any.whl.metadata (30 kB)
  Downloading super_gradients-3.0.4-py3-none-any.whl.metadata (30 kB)
  Downloading super_gradients-3.0.3-py3-none-any.whl.metadata (26 kB)
Collecting pyDeprecate==0.3.* (from torchmetrics==0.8->super-gradients->-r /mount/src/sdp2/YOLO_NAS_Course_streamlit/requirements.txt (line 2))
  Downloading pyDeprecate-0.3.2-py3-none-any.whl.metadata (10 kB)
Collecting future (from treelib==1.6.1->super-gradients->-r /mount/src/sdp2/YOLO_NAS_Course_streamlit/requirements.txt (line 2))
  Downloading future-1.0.0-py3-none-any.whl.metadata (4.0 kB)
Collecting altair<6,>=4.0 (from streamlit->-r /mount/src/sdp2/YOLO_NAS_Course_streamlit/requirements.txt (line 3))
  Downloading altair-5.3.0-py3-none-any.whl.metadata (9.2 kB)
Collecting blinker<2,>=1.0.0 (from streamlit->-r /mount/src/sdp2/YOLO_NAS_Course_streamlit/requirements.txt (line 3))
  Downloading blinker-1.8.2-py3-none-any.whl.metadata (1.6 kB)
Collecting cachetools<6,>=4.0 (from streamlit->-r /mount/src/sdp2/YOLO_NAS_Course_streamlit/requirements.txt (line 3))
  Downloading cachetools-5.3.3-py3-none-any.whl.metadata (5.3 kB)
Collecting click<9,>=7.0 (from streamlit->-r /mount/src/sdp2/YOLO_NAS_Course_streamlit/requirements.txt (line 3))
  Downloading click-8.1.7-py3-none-any.whl.metadata (3.0 kB)
Collecting pandas<3,>=1.3.0 (from streamlit->-r /mount/src/sdp2/YOLO_NAS_Course_streamlit/requirements.txt (line 3))
  Downloading pandas-2.2.2-cp311-cp311-manylinux_2_17_x86_64.manylinux2014_x86_64.whl.metadata (19 kB)
INFO: pip is looking at multiple versions of streamlit to determine which version is compatible with other requirements. This could take a while.
Collecting streamlit (from -r /mount/src/sdp2/YOLO_NAS_Course_streamlit/requirements.txt (line 3))
  Downloading streamlit-1.34.0-py2.py3-none-any.whl.metadata (8.5 kB)
  Downloading streamlit-1.33.0-py2.py3-none-any.whl.metadata (8.5 kB)
  Downloading streamlit-1.32.2-py2.py3-none-any.whl.metadata (8.5 kB)
Collecting packaging>=20.4 (from super-gradients->-r /mount/src/sdp2/YOLO_NAS_Course_streamlit/requirements.txt (line 2))
  Downloading packaging-23.2-py3-none-any.whl.metadata (3.2 kB)
Collecting streamlit (from -r /mount/src/sdp2/YOLO_NAS_Course_streamlit/requirements.txt (line 3))
  Downloading streamlit-1.32.1-py2.py3-none-any.whl.metadata (8.5 kB)
  Downloading streamlit-1.32.0-py2.py3-none-any.whl.metadata (8.5 kB)
  Downloading streamlit-1.31.1-py2.py3-none-any.whl.metadata (8.1 kB)
Collecting importlib-metadata<8,>=1.4 (from streamlit->-r /mount/src/sdp2/YOLO_NAS_Course_streamlit/requirements.txt (line 3))
  Downloading importlib_metadata-7.1.0-py3-none-any.whl.metadata (4.7 kB)
Collecting streamlit (from -r /mount/src/sdp2/YOLO_NAS_Course_streamlit/requirements.txt (line 3))
  Downloading streamlit-1.31.0-py2.py3-none-any.whl.metadata (8.1 kB)
INFO: pip is still looking at multiple versions of streamlit to determine which version is compatible with other requirements. This could take a while.
  Downloading streamlit-1.30.0-py2.py3-none-any.whl.metadata (8.2 kB)
  Downloading streamlit-1.29.0-py2.py3-none-any.whl.metadata (8.2 kB)
Collecting importlib-metadata<7,>=1.4 (from streamlit->-r /mount/src/sdp2/YOLO_NAS_Course_streamlit/requirements.txt (line 3))
  Downloading importlib_metadata-6.11.0-py3-none-any.whl.metadata (4.9 kB)
Collecting streamlit (from -r /mount/src/sdp2/YOLO_NAS_Course_streamlit/requirements.txt (line 3))
  Downloading streamlit-1.28.2-py2.py3-none-any.whl.metadata (8.1 kB)
  Downloading streamlit-1.28.1-py2.py3-none-any.whl.metadata (8.1 kB)
  Downloading streamlit-1.28.0-py2.py3-none-any.whl.metadata (8.1 kB)
INFO: This is taking longer than usual. You might need to provide the dependency resolver with stricter constraints to reduce runtime. See https://pip.pypa.io/warnings/backtracking for guidance. If you want to abort this run, press Ctrl + C.
  Downloading streamlit-1.27.2-py2.py3-none-any.whl.metadata (8.1 kB)
  Downloading streamlit-1.27.1-py2.py3-none-any.whl.metadata (8.0 kB)
  Downloading streamlit-1.27.0-py2.py3-none-any.whl.metadata (8.0 kB)
Collecting pillow>=9.2.0 (from super-gradients->-r /mount/src/sdp2/YOLO_NAS_Course_streamlit/requirements.txt (line 2))
  Downloading Pillow-9.5.0-cp311-cp311-manylinux_2_28_x86_64.whl.metadata (9.5 kB)
Collecting streamlit (from -r /mount/src/sdp2/YOLO_NAS_Course_streamlit/requirements.txt (line 3))
  Downloading streamlit-1.26.0-py2.py3-none-any.whl.metadata (8.0 kB)
  Downloading streamlit-1.25.0-py2.py3-none-any.whl.metadata (8.1 kB)
  Downloading streamlit-1.24.1-py2.py3-none-any.whl.metadata (8.0 kB)
  Downloading streamlit-1.24.0-py2.py3-none-any.whl.metadata (8.0 kB)
  Downloading streamlit-1.23.1-py2.py3-none-any.whl.metadata (7.4 kB)
  Downloading streamlit-1.23.0-py2.py3-none-any.whl.metadata (7.4 kB)
  Downloading streamlit-1.22.0-py2.py3-none-any.whl.metadata (7.3 kB)
Collecting altair<5,>=3.2.0 (from streamlit->-r /mount/src/sdp2/YOLO_NAS_Course_streamlit/requirements.txt (line 3))
  Downloading altair-4.2.2-py3-none-any.whl.metadata (13 kB)
Collecting pyarrow>=4.0 (from streamlit->-r /mount/src/sdp2/YOLO_NAS_Course_streamlit/requirements.txt (line 3))
  Downloading pyarrow-16.1.0-cp311-cp311-manylinux_2_28_x86_64.whl.metadata (3.0 kB)
Collecting pympler>=0.9 (from streamlit->-r /mount/src/sdp2/YOLO_NAS_Course_streamlit/requirements.txt (line 3))
  Downloading Pympler-1.0.1-py3-none-any.whl.metadata (3.4 kB)
Collecting python-dateutil (from streamlit->-r /mount/src/sdp2/YOLO_NAS_Course_streamlit/requirements.txt (line 3))
  Downloading python_dateutil-2.9.0.post0-py2.py3-none-any.whl.metadata (8.4 kB)
Collecting requests>=2.4 (from streamlit->-r /mount/src/sdp2/YOLO_NAS_Course_streamlit/requirements.txt (line 3))
  Downloading requests-2.32.3-py3-none-any.whl.metadata (4.6 kB)
Collecting rich>=10.11.0 (from streamlit->-r /mount/src/sdp2/YOLO_NAS_Course_streamlit/requirements.txt (line 3))
  Downloading rich-13.7.1-py3-none-any.whl.metadata (18 kB)
Collecting tenacity<9,>=8.0.0 (from streamlit->-r /mount/src/sdp2/YOLO_NAS_Course_streamlit/requirements.txt (line 3))
  Downloading tenacity-8.3.0-py3-none-any.whl.metadata (1.2 kB)
Collecting toml (from streamlit->-r /mount/src/sdp2/YOLO_NAS_Course_streamlit/requirements.txt (line 3))
  Downloading toml-0.10.2-py2.py3-none-any.whl.metadata (7.1 kB)
Collecting typing-extensions>=3.10.0.0 (from streamlit->-r /mount/src/sdp2/YOLO_NAS_Course_streamlit/requirements.txt (line 3))
  Downloading typing_extensions-4.12.0-py3-none-any.whl.metadata (3.0 kB)
Collecting tzlocal>=1.1 (from streamlit->-r /mount/src/sdp2/YOLO_NAS_Course_streamlit/requirements.txt (line 3))
  Downloading tzlocal-5.2-py3-none-any.whl.metadata (7.8 kB)
Collecting validators>=0.2 (from streamlit->-r /mount/src/sdp2/YOLO_NAS_Course_streamlit/requirements.txt (line 3))
  Downloading validators-0.28.3-py3-none-any.whl.metadata (3.6 kB)
Collecting gitpython!=3.1.19 (from streamlit->-r /mount/src/sdp2/YOLO_NAS_Course_streamlit/requirements.txt (line 3))
  Downloading GitPython-3.1.43-py3-none-any.whl.metadata (13 kB)
Collecting pydeck>=0.1.dev5 (from streamlit->-r /mount/src/sdp2/YOLO_NAS_Course_streamlit/requirements.txt (line 3))
  Downloading pydeck-0.9.1-py2.py3-none-any.whl.metadata (4.1 kB)
Collecting tornado>=6.0.3 (from streamlit->-r /mount/src/sdp2/YOLO_NAS_Course_streamlit/requirements.txt (line 3))
  Downloading tornado-6.4-cp38-abi3-manylinux_2_5_x86_64.manylinux1_x86_64.manylinux_2_17_x86_64.manylinux2014_x86_64.whl.metadata (2.5 kB)
Collecting watchdog (from streamlit->-r /mount/src/sdp2/YOLO_NAS_Course_streamlit/requirements.txt (line 3))
  Downloading watchdog-4.0.1-py3-none-manylinux2014_x86_64.whl.metadata (37 kB)
Collecting entrypoints (from altair<5,>=3.2.0->streamlit->-r /mount/src/sdp2/YOLO_NAS_Course_streamlit/requirements.txt (line 3))
  Downloading entrypoints-0.4-py3-none-any.whl.metadata (2.6 kB)
Collecting jinja2 (from altair<5,>=3.2.0->streamlit->-r /mount/src/sdp2/YOLO_NAS_Course_streamlit/requirements.txt (line 3))
  Downloading jinja2-3.1.4-py3-none-any.whl.metadata (2.6 kB)
Collecting toolz (from altair<5,>=3.2.0->streamlit->-r /mount/src/sdp2/YOLO_NAS_Course_streamlit/requirements.txt (line 3))
  Downloading toolz-0.12.1-py3-none-any.whl.metadata (5.1 kB)
Collecting botocore<1.35.0,>=1.34.115 (from boto3>=1.17.15->super-gradients->-r /mount/src/sdp2/YOLO_NAS_Course_streamlit/requirements.txt (line 2))
  Downloading botocore-1.34.115-py3-none-any.whl.metadata (5.7 kB)
Collecting jmespath<2.0.0,>=0.7.1 (from boto3>=1.17.15->super-gradients->-r /mount/src/sdp2/YOLO_NAS_Course_streamlit/requirements.txt (line 2))
  Downloading jmespath-1.0.1-py3-none-any.whl.metadata (7.6 kB)
Collecting s3transfer<0.11.0,>=0.10.0 (from boto3>=1.17.15->super-gradients->-r /mount/src/sdp2/YOLO_NAS_Course_streamlit/requirements.txt (line 2))
  Downloading s3transfer-0.10.1-py3-none-any.whl.metadata (1.7 kB)
Collecting wrapt<2,>=1.10 (from Deprecated>=1.2.11->super-gradients->-r /mount/src/sdp2/YOLO_NAS_Course_streamlit/requirements.txt (line 2))
  Downloading wrapt-1.16.0-cp311-cp311-manylinux_2_5_x86_64.manylinux1_x86_64.manylinux_2_17_x86_64.manylinux2014_x86_64.whl.metadata (6.6 kB)
Collecting gitdb<5,>=4.0.1 (from gitpython!=3.1.19->streamlit->-r /mount/src/sdp2/YOLO_NAS_Course_streamlit/requirements.txt (line 3))
  Downloading gitdb-4.0.11-py3-none-any.whl.metadata (1.2 kB)
Collecting antlr4-python3-runtime==4.9.* (from hydra-core>=1.2.0->super-gradients->-r /mount/src/sdp2/YOLO_NAS_Course_streamlit/requirements.txt (line 2))
  Downloading antlr4-python3-runtime-4.9.3.tar.gz (117 kB)
     â”â”â”â”â”â”â”â”â”â”â”â”â”â”â”â”â”â”â”â”â”â”â”â”â”â”â”â”â”â”â”â”â”â”â”â”â” 117.0/117.0 kB 206.7 MB/s eta 0:00:00[2024-05-30 17:51:06.810055] 
  Preparing metadata (setup.py): started
  Preparing metadata (setup.py): finished with status 'done'
Collecting zipp>=0.5 (from importlib-metadata<8,>=1.4->streamlit->-r /mount/src/sdp2/YOLO_NAS_Course_streamlit/requirements.txt (line 3))
  Downloading zipp-3.19.0-py3-none-any.whl.metadata (3.5 kB)
Collecting attrs>=22.2.0 (from jsonschema>=3.2.0->super-gradients->-r /mount/src/sdp2/YOLO_NAS_Course_streamlit/requirements.txt (line 2))
  Downloading attrs-23.2.0-py3-none-any.whl.metadata (9.5 kB)
Collecting jsonschema-specifications>=2023.03.6 (from jsonschema>=3.2.0->super-gradients->-r /mount/src/sdp2/YOLO_NAS_Course_streamlit/requirements.txt (line 2))
  Downloading jsonschema_specifications-2023.12.1-py3-none-any.whl.metadata (3.0 kB)
Collecting referencing>=0.28.4 (from jsonschema>=3.2.0->super-gradients->-r /mount/src/sdp2/YOLO_NAS_Course_streamlit/requirements.txt (line 2))
  Downloading referencing-0.35.1-py3-none-any.whl.metadata (2.8 kB)
Collecting rpds-py>=0.7.1 (from jsonschema>=3.2.0->super-gradients->-r /mount/src/sdp2/YOLO_NAS_Course_streamlit/requirements.txt (line 2))
  Downloading rpds_py-0.18.1-cp311-cp311-manylinux_2_17_x86_64.manylinux2014_x86_64.whl.metadata (4.1 kB)
Collecting contourpy>=1.0.1 (from matplotlib>=3.3.4->super-gradients->-r /mount/src/sdp2/YOLO_NAS_Course_streamlit/requirements.txt (line 2))
  Downloading contourpy-1.2.1-cp311-cp311-manylinux_2_17_x86_64.manylinux2014_x86_64.whl.metadata (5.8 kB)
Collecting cycler>=0.10 (from matplotlib>=3.3.4->super-gradients->-r /mount/src/sdp2/YOLO_NAS_Course_streamlit/requirements.txt (line 2))
  Downloading cycler-0.12.1-py3-none-any.whl.metadata (3.8 kB)
Collecting fonttools>=4.22.0 (from matplotlib>=3.3.4->super-gradients->-r /mount/src/sdp2/YOLO_NAS_Course_streamlit/requirements.txt (line 2))
  Downloading fonttools-4.52.4-cp311-cp311-manylinux_2_17_x86_64.manylinux2014_x86_64.whl.metadata (161 kB)
     â”â”â”â”â”â”â”â”â”â”â”â”â”â”â”â”â”â”â”â”â”â”â”â”â”â”â”â”â”â”â”â”â”â”â”â”â” 161.7/161.7 kB 184.6 MB/s eta 0:00:00[2024-05-30 17:51:08.082615] 
Collecting kiwisolver>=1.3.1 (from matplotlib>=3.3.4->super-gradients->-r /mount/src/sdp2/YOLO_NAS_Course_streamlit/requirements.txt (line 2))
  Downloading kiwisolver-1.4.5-cp311-cp311-manylinux_2_17_x86_64.manylinux2014_x86_64.whl.metadata (6.4 kB)
Collecting PyYAML>=5.1.0 (from omegaconf->super-gradients->-r /mount/src/sdp2/YOLO_NAS_Course_streamlit/requirements.txt (line 2))
  Downloading PyYAML-6.0.1-cp311-cp311-manylinux_2_17_x86_64.manylinux2014_x86_64.whl.metadata (2.1 kB)
INFO: pip is looking at multiple versions of onnx to determine which version is compatible with other requirements. This could take a while.
Collecting onnx>=1.10.1 (from super-gradients->-r /mount/src/sdp2/YOLO_NAS_Course_streamlit/requirements.txt (line 2))
  Downloading onnx-1.16.0-cp311-cp311-manylinux_2_17_x86_64.manylinux2014_x86_64.whl.metadata (16 kB)
  Downloading onnx-1.14.1-cp311-cp311-manylinux_2_17_x86_64.manylinux2014_x86_64.whl.metadata (15 kB)
  Downloading onnx-1.14.0-cp311-cp311-manylinux_2_17_x86_64.manylinux2014_x86_64.whl.metadata (15 kB)
  Downloading onnx-1.13.1-cp311-cp311-manylinux_2_17_x86_64.manylinux2014_x86_64.whl.metadata (14 kB)
  Downloading onnx-1.13.0-cp311-cp311-manylinux_2_17_x86_64.manylinux2014_x86_64.whl.metadata (14 kB)
  Downloading onnx-1.12.0.tar.gz (10.1 MB)
     â”â”â”â”â”â”â”â”â”â”â”â”â”â”â”â”â”â”â”â”â”â”â”â”â”â”â”â”â”â”â”â”â”â”â”â”â”â”â” 10.1/10.1 MB 230.0 MB/s eta 0:00:00[2024-05-30 17:51:08.525396] 
  Preparing metadata (setup.py): started
  Preparing metadata (setup.py): finished with status 'error'
  error: subprocess-exited-with-error
  
  Ã— python setup.py egg_info did not run successfully.
  â”‚ exit code: 1
  â•°â”€> [8 lines of output]
      fatal: not a git repository (or any of the parent directories): .git
      Traceback (most recent call last):
        File "<string>", line 2, in <module>
        File "<pip-setuptools-caller>", line 34, in <module>
        File "/tmp/pip-install-nbk_6_0p/onnx_5a0ed33c345f4b4cbeaeb66933f6bf4e/setup.py", line 81, in <module>
          assert CMAKE, "Could not find cmake executable!"
                 ^^^^^
      AssertionError: Could not find cmake executable!
      [end of output]
  
  note: This error originates from a subprocess, and is likely not a problem with pip.
error: metadata-generation-failed

Ã— Encountered error while generating package metadata.
â•°â”€> See above for output.

note: This is an issue with the package mentioned above, not pip.
hint: See above for details.
Checking if Streamlit is installed

â”€â”€â”€â”€â”€â”€â”€â”€â”€â”€â”€â”€â”€â”€â”€â”€â”€â”€â”€â”€â”€â”€â”€â”€â”€â”€â”€â”€â”€â”€â”€â”€â”€â”€â”€â”€â”€â”€â”€â”€â”€â”€â”€â”€â”€â”€â”€â”€â”€â”€â”€â”€â”€â”€â”€â”€â”€â”€â”€â”€â”€â”€â”€â”€â”€â”€â”€â”€â”€â”€â”€â”€â”€â”€â”€â”€â”€â”€â”€â”€â”€â”€â”€â”€â”€â”€â”€â”€

[17:51:12] â—ï¸ installer returned a non-zero exit code
[17:51:12] â—ï¸ Error during processing dependencies! Please fix the error and push an update, or try restarting the app.